<?xml version="1.0" encoding="UTF-8"?>
<coverage generated="1689255723116" clover="3.2.0">
  <project timestamp="1689255723116" name="All files">
    <metrics statements="57" coveredstatements="51" conditionals="10" coveredconditionals="5" methods="28" coveredmethods="24" elements="95" coveredelements="80" complexity="0" loc="57" ncloc="57" packages="1" files="4" classes="4"/>
    <file name="Home.jsx" path="D:\frontend-user\src\pages\Home.jsx">
      <metrics statements="8" coveredstatements="6" conditionals="6" coveredconditionals="2" methods="5" coveredmethods="3"/>
      <line num="5" count="1" type="stmt"/>
      <line num="6" count="4" type="stmt"/>
      <line num="12" count="4" type="stmt"/>
      <line num="19" count="0" type="stmt"/>
      <line num="27" count="0" type="cond" truecount="0" falsecount="2"/>
      <line num="33" count="4" type="stmt"/>
      <line num="39" count="4" type="stmt"/>
      <line num="61" count="4" type="stmt"/>
    </file>
    <file name="Login.jsx" path="D:\frontend-user\src\pages\Login.jsx">
      <metrics statements="12" coveredstatements="8" conditionals="0" coveredconditionals="0" methods="7" coveredmethods="5"/>
      <line num="10" count="7" type="stmt"/>
      <line num="11" count="7" type="stmt"/>
      <line num="12" count="7" type="stmt"/>
      <line num="13" count="0" type="stmt"/>
      <line num="14" count="0" type="stmt"/>
      <line num="15" count="0" type="stmt"/>
      <line num="25" count="7" type="stmt"/>
      <line num="30" count="1" type="stmt"/>
      <line num="44" count="1" type="stmt"/>
      <line num="56" count="1" type="stmt"/>
      <line num="67" count="0" type="stmt"/>
      <line num="77" count="1" type="stmt"/>
    </file>
    <file name="Register.jsx" path="D:\frontend-user\src\pages\Register.jsx">
      <metrics statements="27" coveredstatements="27" conditionals="2" coveredconditionals="1" methods="11" coveredmethods="11"/>
      <line num="21" count="12" type="stmt"/>
      <line num="22" count="12" type="stmt"/>
      <line num="23" count="12" type="stmt"/>
      <line num="24" count="12" type="stmt"/>
      <line num="25" count="12" type="stmt"/>
      <line num="26" count="12" type="stmt"/>
      <line num="27" count="12" type="stmt"/>
      <line num="29" count="12" type="stmt"/>
      <line num="30" count="1" type="stmt"/>
      <line num="31" count="1" type="stmt"/>
      <line num="32" count="1" type="stmt"/>
      <line num="33" count="1" type="stmt"/>
      <line num="34" count="1" type="stmt"/>
      <line num="35" count="1" type="stmt"/>
      <line num="36" count="1" type="cond" truecount="1" falsecount="1"/>
      <line num="37" count="1" type="stmt"/>
      <line num="38" count="1" type="stmt"/>
      <line num="52" count="12" type="stmt"/>
      <line num="70" count="1" type="stmt"/>
      <line num="85" count="1" type="stmt"/>
      <line num="96" count="1" type="stmt"/>
      <line num="112" count="1" type="stmt"/>
      <line num="123" count="1" type="stmt"/>
      <line num="192" count="1" type="stmt"/>
      <line num="203" count="1" type="stmt"/>
      <line num="215" count="1" type="stmt"/>
      <line num="225" count="1" type="stmt"/>
    </file>
    <file name="Verify.jsx" path="D:\frontend-user\src\pages\Verify.jsx">
      <metrics statements="10" coveredstatements="10" conditionals="2" coveredconditionals="2" methods="5" coveredmethods="5"/>
      <line num="11" count="4" type="stmt"/>
      <line num="12" count="4" type="stmt"/>
      <line num="13" count="2" type="cond" truecount="2" falsecount="0"/>
      <line num="14" count="1" type="stmt"/>
      <line num="15" count="1" type="stmt"/>
      <line num="24" count="1" type="stmt"/>
      <line num="28" count="4" type="stmt"/>
      <line num="45" count="1" type="stmt"/>
      <line num="62" count="1" type="stmt"/>
      <line num="71" count="2" type="stmt"/>
    </file>
  </project>
</coverage>
