<?xml version="1.0" encoding="UTF-8"?>
<coverage generated="1689289175254" clover="3.2.0">
  <project timestamp="1689289175254" name="All files">
    <metrics statements="105" coveredstatements="57" conditionals="22" coveredconditionals="7" methods="59" coveredmethods="23" elements="186" coveredelements="87" complexity="0" loc="105" ncloc="105" packages="1" files="4" classes="4"/>
    <file name="Home.jsx" path="D:\frontend-user\src\pages\Home.jsx">
      <metrics statements="18" coveredstatements="8" conditionals="6" coveredconditionals="2" methods="13" coveredmethods="2"/>
      <line num="6" count="1" type="stmt"/>
      <line num="7" count="0" type="stmt"/>
      <line num="8" count="0" type="stmt"/>
      <line num="9" count="0" type="stmt"/>
      <line num="10" count="0" type="stmt"/>
      <line num="12" count="1" type="stmt"/>
      <line num="13" count="4" type="stmt"/>
      <line num="14" count="4" type="stmt"/>
      <line num="15" count="4" type="stmt"/>
      <line num="17" count="4" type="stmt"/>
      <line num="18" count="4" type="stmt"/>
      <line num="23" count="0" type="stmt"/>
      <line num="27" count="0" type="stmt"/>
      <line num="28" count="0" type="stmt"/>
      <line num="30" count="0" type="stmt"/>
      <line num="33" count="4" type="stmt"/>
      <line num="87" count="0" type="stmt"/>
      <line num="110" count="0" type="cond" truecount="0" falsecount="2"/>
    </file>
    <file name="Login.jsx" path="D:\frontend-user\src\pages\Login.jsx">
      <metrics statements="30" coveredstatements="11" conditionals="6" coveredconditionals="1" methods="17" coveredmethods="5"/>
      <line num="11" count="7" type="stmt"/>
      <line num="12" count="7" type="stmt"/>
      <line num="13" count="7" type="stmt"/>
      <line num="14" count="7" type="stmt"/>
      <line num="15" count="7" type="stmt"/>
      <line num="16" count="0" type="stmt"/>
      <line num="17" count="0" type="stmt"/>
      <line num="18" count="0" type="stmt"/>
      <line num="19" count="0" type="stmt"/>
      <line num="22" count="0" type="stmt"/>
      <line num="23" count="0" type="stmt"/>
      <line num="24" count="0" type="stmt"/>
      <line num="31" count="0" type="stmt"/>
      <line num="40" count="0" type="stmt"/>
      <line num="41" count="0" type="stmt"/>
      <line num="42" count="0" type="cond" truecount="0" falsecount="2"/>
      <line num="43" count="0" type="stmt"/>
      <line num="46" count="0" type="stmt"/>
      <line num="47" count="0" type="stmt"/>
      <line num="48" count="0" type="stmt"/>
      <line num="51" count="0" type="stmt"/>
      <line num="54" count="0" type="stmt"/>
      <line num="57" count="7" type="cond" truecount="1" falsecount="1"/>
      <line num="59" count="7" type="stmt"/>
      <line num="64" count="1" type="stmt"/>
      <line num="78" count="1" type="stmt"/>
      <line num="90" count="1" type="stmt"/>
      <line num="101" count="0" type="stmt"/>
      <line num="111" count="1" type="stmt"/>
      <line num="131" count="0" type="cond" truecount="0" falsecount="2"/>
    </file>
    <file name="Register.jsx" path="D:\frontend-user\src\pages\Register.jsx">
      <metrics statements="47" coveredstatements="28" conditionals="8" coveredconditionals="2" methods="24" coveredmethods="11"/>
      <line num="13" count="12" type="stmt"/>
      <line num="14" count="12" type="stmt"/>
      <line num="15" count="12" type="stmt"/>
      <line num="16" count="12" type="stmt"/>
      <line num="17" count="12" type="stmt"/>
      <line num="18" count="12" type="stmt"/>
      <line num="19" count="12" type="stmt"/>
      <line num="20" count="12" type="stmt"/>
      <line num="21" count="12" type="stmt"/>
      <line num="22" count="12" type="stmt"/>
      <line num="24" count="12" type="stmt"/>
      <line num="25" count="1" type="stmt"/>
      <line num="26" count="1" type="stmt"/>
      <line num="27" count="1" type="stmt"/>
      <line num="28" count="1" type="cond" truecount="1" falsecount="1"/>
      <line num="29" count="1" type="stmt"/>
      <line num="30" count="1" type="stmt"/>
      <line num="32" count="0" type="stmt"/>
      <line num="43" count="0" type="stmt"/>
      <line num="46" count="0" type="stmt"/>
      <line num="47" count="0" type="stmt"/>
      <line num="48" count="0" type="stmt"/>
      <line num="55" count="0" type="stmt"/>
      <line num="56" count="0" type="stmt"/>
      <line num="65" count="0" type="stmt"/>
      <line num="66" count="0" type="stmt"/>
      <line num="67" count="0" type="cond" truecount="0" falsecount="2"/>
      <line num="68" count="0" type="stmt"/>
      <line num="71" count="0" type="stmt"/>
      <line num="72" count="0" type="stmt"/>
      <line num="73" count="0" type="stmt"/>
      <line num="76" count="0" type="stmt"/>
      <line num="79" count="0" type="stmt"/>
      <line num="81" count="0" type="stmt"/>
      <line num="85" count="12" type="cond" truecount="1" falsecount="1"/>
      <line num="87" count="12" type="stmt"/>
      <line num="105" count="1" type="stmt"/>
      <line num="120" count="1" type="stmt"/>
      <line num="131" count="0" type="stmt"/>
      <line num="142" count="1" type="stmt"/>
      <line num="158" count="1" type="stmt"/>
      <line num="169" count="1" type="stmt"/>
      <line num="193" count="1" type="stmt"/>
      <line num="204" count="1" type="stmt"/>
      <line num="216" count="1" type="stmt"/>
      <line num="226" count="1" type="stmt"/>
      <line num="245" count="0" type="cond" truecount="0" falsecount="2"/>
    </file>
    <file name="Verify.jsx" path="D:\frontend-user\src\pages\Verify.jsx">
      <metrics statements="10" coveredstatements="10" conditionals="2" coveredconditionals="2" methods="5" coveredmethods="5"/>
      <line num="11" count="4" type="stmt"/>
      <line num="12" count="4" type="stmt"/>
      <line num="13" count="2" type="cond" truecount="2" falsecount="0"/>
      <line num="14" count="1" type="stmt"/>
      <line num="15" count="1" type="stmt"/>
      <line num="24" count="1" type="stmt"/>
      <line num="28" count="4" type="stmt"/>
      <line num="45" count="1" type="stmt"/>
      <line num="62" count="1" type="stmt"/>
      <line num="71" count="2" type="stmt"/>
    </file>
  </project>
</coverage>
