{"D:\\frontend-user\\src\\pages\\Home.jsx": {"path":"D:\\frontend-user\\src\\pages\\Home.jsx","statementMap":{"0":{"start":{"line":3,"column":13},"end":{"line":116,"column":1}},"1":{"start":{"line":4,"column":22},"end":{"line":13,"column":3}},"2":{"start":{"line":14,"column":19},"end":{"line":19,"column":3}},"3":{"start":{"line":20,"column":18},"end":{"line":40,"column":3}},"4":{"start":{"line":27,"column":8},"end":{"line":27,"column":24}},"5":{"start":{"line":35,"column":8},"end":{"line":35,"column":80}},"6":{"start":{"line":41,"column":2},"end":{"line":115,"column":4}},"7":{"start":{"line":47,"column":12},"end":{"line":66,"column":14}},"8":{"start":{"line":69,"column":12},"end":{"line":107,"column":14}}},"fnMap":{"0":{"name":"(anonymous_0)","decl":{"start":{"line":3,"column":13},"end":{"line":3,"column":14}},"loc":{"start":{"line":3,"column":19},"end":{"line":116,"column":1}},"line":3},"1":{"name":"(anonymous_1)","decl":{"start":{"line":26,"column":14},"end":{"line":26,"column":15}},"loc":{"start":{"line":26,"column":24},"end":{"line":28,"column":7}},"line":26},"2":{"name":"(anonymous_2)","decl":{"start":{"line":34,"column":14},"end":{"line":34,"column":15}},"loc":{"start":{"line":34,"column":33},"end":{"line":36,"column":7}},"line":34},"3":{"name":"(anonymous_3)","decl":{"start":{"line":46,"column":24},"end":{"line":46,"column":25}},"loc":{"start":{"line":46,"column":37},"end":{"line":67,"column":11}},"line":46},"4":{"name":"(anonymous_4)","decl":{"start":{"line":68,"column":27},"end":{"line":68,"column":28}},"loc":{"start":{"line":68,"column":40},"end":{"line":108,"column":11}},"line":68}},"branchMap":{"0":{"loc":{"start":{"line":35,"column":21},"end":{"line":35,"column":72}},"type":"cond-expr","locations":[{"start":{"line":35,"column":47},"end":{"line":35,"column":63}},{"start":{"line":35,"column":66},"end":{"line":35,"column":72}}],"line":35},"1":{"loc":{"start":{"line":88,"column":21},"end":{"line":92,"column":21}},"type":"cond-expr","locations":[{"start":{"line":89,"column":22},"end":{"line":89,"column":75}},{"start":{"line":91,"column":22},"end":{"line":91,"column":75}}],"line":88},"2":{"loc":{"start":{"line":96,"column":21},"end":{"line":100,"column":21}},"type":"cond-expr","locations":[{"start":{"line":97,"column":22},"end":{"line":97,"column":75}},{"start":{"line":99,"column":22},"end":{"line":99,"column":41}}],"line":96}},"s":{"0":0,"1":0,"2":0,"3":0,"4":0,"5":0,"6":0,"7":0,"8":0},"f":{"0":0,"1":0,"2":0,"3":0,"4":0},"b":{"0":[0,0],"1":[0,0],"2":[0,0]}}
,"D:\\frontend-user\\src\\pages\\Login.jsx": {"path":"D:\\frontend-user\\src\\pages\\Login.jsx","statementMap":{"0":{"start":{"line":10,"column":28},"end":{"line":10,"column":40}},"1":{"start":{"line":11,"column":34},"end":{"line":11,"column":46}},"2":{"start":{"line":12,"column":14},"end":{"line":12,"column":27}},"3":{"start":{"line":13,"column":16},"end":{"line":24,"column":3}},"4":{"start":{"line":14,"column":23},"end":{"line":14,"column":37}},"5":{"start":{"line":15,"column":4},"end":{"line":15,"column":35}},"6":{"start":{"line":16,"column":4},"end":{"line":16,"column":41}},"7":{"start":{"line":26,"column":2},"end":{"line":85,"column":4}},"8":{"start":{"line":30,"column":25},"end":{"line":30,"column":33}},"9":{"start":{"line":43,"column":33},"end":{"line":43,"column":57}},"10":{"start":{"line":54,"column":33},"end":{"line":54,"column":60}},"11":{"start":{"line":65,"column":31},"end":{"line":65,"column":38}},"12":{"start":{"line":75,"column":31},"end":{"line":75,"column":47}}},"fnMap":{"0":{"name":"Login","decl":{"start":{"line":9,"column":9},"end":{"line":9,"column":14}},"loc":{"start":{"line":9,"column":17},"end":{"line":86,"column":1}},"line":9},"1":{"name":"(anonymous_1)","decl":{"start":{"line":13,"column":16},"end":{"line":13,"column":17}},"loc":{"start":{"line":13,"column":22},"end":{"line":24,"column":3}},"line":13},"2":{"name":"(anonymous_2)","decl":{"start":{"line":30,"column":19},"end":{"line":30,"column":20}},"loc":{"start":{"line":30,"column":25},"end":{"line":30,"column":33}},"line":30},"3":{"name":"(anonymous_3)","decl":{"start":{"line":43,"column":26},"end":{"line":43,"column":27}},"loc":{"start":{"line":43,"column":33},"end":{"line":43,"column":57}},"line":43},"4":{"name":"(anonymous_4)","decl":{"start":{"line":54,"column":26},"end":{"line":54,"column":27}},"loc":{"start":{"line":54,"column":33},"end":{"line":54,"column":60}},"line":54},"5":{"name":"(anonymous_5)","decl":{"start":{"line":65,"column":25},"end":{"line":65,"column":26}},"loc":{"start":{"line":65,"column":31},"end":{"line":65,"column":38}},"line":65},"6":{"name":"(anonymous_6)","decl":{"start":{"line":75,"column":25},"end":{"line":75,"column":26}},"loc":{"start":{"line":75,"column":31},"end":{"line":75,"column":47}},"line":75}},"branchMap":{},"s":{"0":0,"1":0,"2":0,"3":0,"4":0,"5":0,"6":0,"7":0,"8":0,"9":0,"10":0,"11":0,"12":0},"f":{"0":0,"1":0,"2":0,"3":0,"4":0,"5":0,"6":0},"b":{}}
,"D:\\frontend-user\\src\\pages\\Register.jsx": {"path":"D:\\frontend-user\\src\\pages\\Register.jsx","statementMap":{"0":{"start":{"line":21,"column":26},"end":{"line":21,"column":38}},"1":{"start":{"line":22,"column":28},"end":{"line":22,"column":40}},"2":{"start":{"line":23,"column":34},"end":{"line":23,"column":46}},"3":{"start":{"line":24,"column":36},"end":{"line":24,"column":48}},"4":{"start":{"line":25,"column":32},"end":{"line":25,"column":44}},"5":{"start":{"line":26,"column":24},"end":{"line":26,"column":36}},"6":{"start":{"line":27,"column":14},"end":{"line":27,"column":27}},"7":{"start":{"line":28,"column":19},"end":{"line":49,"column":3}},"8":{"start":{"line":29,"column":23},"end":{"line":29,"column":37}},"9":{"start":{"line":30,"column":4},"end":{"line":30,"column":33}},"10":{"start":{"line":31,"column":4},"end":{"line":31,"column":35}},"11":{"start":{"line":32,"column":4},"end":{"line":32,"column":31}},"12":{"start":{"line":33,"column":4},"end":{"line":33,"column":39}},"13":{"start":{"line":34,"column":4},"end":{"line":34,"column":41}},"14":{"start":{"line":35,"column":4},"end":{"line":48,"column":5}},"15":{"start":{"line":36,"column":6},"end":{"line":36,"column":44}},"16":{"start":{"line":50,"column":2},"end":{"line":228,"column":4}},"17":{"start":{"line":67,"column":27},"end":{"line":67,"column":35}},"18":{"start":{"line":82,"column":33},"end":{"line":82,"column":56}},"19":{"start":{"line":93,"column":33},"end":{"line":93,"column":57}},"20":{"start":{"line":109,"column":33},"end":{"line":109,"column":59}},"21":{"start":{"line":120,"column":33},"end":{"line":120,"column":55}},"22":{"start":{"line":189,"column":33},"end":{"line":189,"column":60}},"23":{"start":{"line":200,"column":33},"end":{"line":200,"column":61}},"24":{"start":{"line":212,"column":29},"end":{"line":212,"column":39}},"25":{"start":{"line":221,"column":35},"end":{"line":221,"column":48}}},"fnMap":{"0":{"name":"Register","decl":{"start":{"line":20,"column":9},"end":{"line":20,"column":17}},"loc":{"start":{"line":20,"column":20},"end":{"line":229,"column":1}},"line":20},"1":{"name":"(anonymous_1)","decl":{"start":{"line":28,"column":19},"end":{"line":28,"column":20}},"loc":{"start":{"line":28,"column":25},"end":{"line":49,"column":3}},"line":28},"2":{"name":"(anonymous_2)","decl":{"start":{"line":67,"column":21},"end":{"line":67,"column":22}},"loc":{"start":{"line":67,"column":27},"end":{"line":67,"column":35}},"line":67},"3":{"name":"(anonymous_3)","decl":{"start":{"line":82,"column":26},"end":{"line":82,"column":27}},"loc":{"start":{"line":82,"column":33},"end":{"line":82,"column":56}},"line":82},"4":{"name":"(anonymous_4)","decl":{"start":{"line":93,"column":26},"end":{"line":93,"column":27}},"loc":{"start":{"line":93,"column":33},"end":{"line":93,"column":57}},"line":93},"5":{"name":"(anonymous_5)","decl":{"start":{"line":109,"column":26},"end":{"line":109,"column":27}},"loc":{"start":{"line":109,"column":33},"end":{"line":109,"column":59}},"line":109},"6":{"name":"(anonymous_6)","decl":{"start":{"line":120,"column":26},"end":{"line":120,"column":27}},"loc":{"start":{"line":120,"column":33},"end":{"line":120,"column":55}},"line":120},"7":{"name":"(anonymous_7)","decl":{"start":{"line":189,"column":26},"end":{"line":189,"column":27}},"loc":{"start":{"line":189,"column":33},"end":{"line":189,"column":60}},"line":189},"8":{"name":"(anonymous_8)","decl":{"start":{"line":200,"column":26},"end":{"line":200,"column":27}},"loc":{"start":{"line":200,"column":33},"end":{"line":200,"column":61}},"line":200},"9":{"name":"(anonymous_9)","decl":{"start":{"line":212,"column":23},"end":{"line":212,"column":24}},"loc":{"start":{"line":212,"column":29},"end":{"line":212,"column":39}},"line":212},"10":{"name":"(anonymous_10)","decl":{"start":{"line":221,"column":29},"end":{"line":221,"column":30}},"loc":{"start":{"line":221,"column":35},"end":{"line":221,"column":48}},"line":221}},"branchMap":{"0":{"loc":{"start":{"line":35,"column":4},"end":{"line":48,"column":5}},"type":"if","locations":[{"start":{"line":35,"column":4},"end":{"line":48,"column":5}},{"start":{"line":37,"column":11},"end":{"line":48,"column":5}}],"line":35}},"s":{"0":0,"1":0,"2":0,"3":0,"4":0,"5":0,"6":0,"7":0,"8":0,"9":0,"10":0,"11":0,"12":0,"13":0,"14":0,"15":0,"16":0,"17":0,"18":0,"19":0,"20":0,"21":0,"22":0,"23":0,"24":0,"25":0},"f":{"0":0,"1":0,"2":0,"3":0,"4":0,"5":0,"6":0,"7":0,"8":0,"9":0,"10":0},"b":{"0":[0,0]}}
,"D:\\frontend-user\\src\\pages\\Verify.jsx": {"path":"D:\\frontend-user\\src\\pages\\Verify.jsx","statementMap":{"0":{"start":{"line":11,"column":26},"end":{"line":11,"column":38}},"1":{"start":{"line":12,"column":14},"end":{"line":12,"column":27}},"2":{"start":{"line":13,"column":17},"end":{"line":27,"column":3}},"3":{"start":{"line":14,"column":4},"end":{"line":26,"column":5}},"4":{"start":{"line":15,"column":25},"end":{"line":15,"column":39}},"5":{"start":{"line":16,"column":6},"end":{"line":16,"column":35}},"6":{"start":{"line":25,"column":6},"end":{"line":25,"column":41}},"7":{"start":{"line":29,"column":2},"end":{"line":82,"column":4}},"8":{"start":{"line":45,"column":25},"end":{"line":45,"column":33}},"9":{"start":{"line":62,"column":33},"end":{"line":62,"column":56}},"10":{"start":{"line":71,"column":31},"end":{"line":71,"column":39}}},"fnMap":{"0":{"name":"Verify","decl":{"start":{"line":10,"column":9},"end":{"line":10,"column":15}},"loc":{"start":{"line":10,"column":18},"end":{"line":83,"column":1}},"line":10},"1":{"name":"(anonymous_1)","decl":{"start":{"line":13,"column":17},"end":{"line":13,"column":18}},"loc":{"start":{"line":13,"column":23},"end":{"line":27,"column":3}},"line":13},"2":{"name":"(anonymous_2)","decl":{"start":{"line":45,"column":19},"end":{"line":45,"column":20}},"loc":{"start":{"line":45,"column":25},"end":{"line":45,"column":33}},"line":45},"3":{"name":"(anonymous_3)","decl":{"start":{"line":62,"column":26},"end":{"line":62,"column":27}},"loc":{"start":{"line":62,"column":33},"end":{"line":62,"column":56}},"line":62},"4":{"name":"(anonymous_4)","decl":{"start":{"line":71,"column":25},"end":{"line":71,"column":26}},"loc":{"start":{"line":71,"column":31},"end":{"line":71,"column":39}},"line":71}},"branchMap":{"0":{"loc":{"start":{"line":14,"column":4},"end":{"line":26,"column":5}},"type":"if","locations":[{"start":{"line":14,"column":4},"end":{"line":26,"column":5}},{"start":{"line":24,"column":11},"end":{"line":26,"column":5}}],"line":14}},"s":{"0":0,"1":0,"2":0,"3":0,"4":0,"5":0,"6":0,"7":0,"8":0,"9":0,"10":0},"f":{"0":0,"1":0,"2":0,"3":0,"4":0},"b":{"0":[0,0]}}
}
