{"D:\\frontend-user\\src\\pages\\Home.jsx": {"path":"D:\\frontend-user\\src\\pages\\Home.jsx","statementMap":{"0":{"start":{"line":5,"column":13},"end":{"line":108,"column":1}},"1":{"start":{"line":6,"column":19},"end":{"line":11,"column":3}},"2":{"start":{"line":12,"column":18},"end":{"line":32,"column":3}},"3":{"start":{"line":19,"column":8},"end":{"line":19,"column":24}},"4":{"start":{"line":27,"column":8},"end":{"line":27,"column":89}},"5":{"start":{"line":33,"column":2},"end":{"line":107,"column":4}},"6":{"start":{"line":39,"column":12},"end":{"line":58,"column":14}},"7":{"start":{"line":61,"column":12},"end":{"line":99,"column":14}}},"fnMap":{"0":{"name":"(anonymous_0)","decl":{"start":{"line":5,"column":13},"end":{"line":5,"column":14}},"loc":{"start":{"line":5,"column":19},"end":{"line":108,"column":1}},"line":5},"1":{"name":"(anonymous_1)","decl":{"start":{"line":18,"column":14},"end":{"line":18,"column":15}},"loc":{"start":{"line":18,"column":24},"end":{"line":20,"column":7}},"line":18},"2":{"name":"(anonymous_2)","decl":{"start":{"line":26,"column":14},"end":{"line":26,"column":15}},"loc":{"start":{"line":26,"column":33},"end":{"line":28,"column":7}},"line":26},"3":{"name":"(anonymous_3)","decl":{"start":{"line":38,"column":24},"end":{"line":38,"column":25}},"loc":{"start":{"line":38,"column":37},"end":{"line":59,"column":11}},"line":38},"4":{"name":"(anonymous_4)","decl":{"start":{"line":60,"column":27},"end":{"line":60,"column":28}},"loc":{"start":{"line":60,"column":40},"end":{"line":100,"column":11}},"line":60}},"branchMap":{"0":{"loc":{"start":{"line":27,"column":21},"end":{"line":27,"column":81}},"type":"cond-expr","locations":[{"start":{"line":27,"column":47},"end":{"line":27,"column":63}},{"start":{"line":27,"column":66},"end":{"line":27,"column":81}}],"line":27},"1":{"loc":{"start":{"line":80,"column":21},"end":{"line":84,"column":21}},"type":"cond-expr","locations":[{"start":{"line":81,"column":22},"end":{"line":81,"column":75}},{"start":{"line":83,"column":22},"end":{"line":83,"column":75}}],"line":80},"2":{"loc":{"start":{"line":88,"column":21},"end":{"line":92,"column":21}},"type":"cond-expr","locations":[{"start":{"line":89,"column":22},"end":{"line":89,"column":75}},{"start":{"line":91,"column":22},"end":{"line":91,"column":41}}],"line":88}},"s":{"0":1,"1":4,"2":4,"3":0,"4":0,"5":4,"6":4,"7":4},"f":{"0":4,"1":0,"2":0,"3":4,"4":4},"b":{"0":[0,0],"1":[4,0],"2":[0,4]},"_coverageSchema":"1a1c01bbd47fc00a2c39e90264f33305004495a9","hash":"1664acebe828f0a396378b53ccc4547d50446d56"}
,"D:\\frontend-user\\src\\pages\\Login.jsx": {"path":"D:\\frontend-user\\src\\pages\\Login.jsx","statementMap":{"0":{"start":{"line":10,"column":28},"end":{"line":10,"column":40}},"1":{"start":{"line":11,"column":34},"end":{"line":11,"column":46}},"2":{"start":{"line":12,"column":16},"end":{"line":23,"column":3}},"3":{"start":{"line":13,"column":23},"end":{"line":13,"column":37}},"4":{"start":{"line":14,"column":4},"end":{"line":14,"column":35}},"5":{"start":{"line":15,"column":4},"end":{"line":15,"column":41}},"6":{"start":{"line":25,"column":2},"end":{"line":87,"column":4}},"7":{"start":{"line":30,"column":26},"end":{"line":30,"column":56}},"8":{"start":{"line":44,"column":33},"end":{"line":44,"column":57}},"9":{"start":{"line":56,"column":33},"end":{"line":56,"column":60}},"10":{"start":{"line":67,"column":31},"end":{"line":67,"column":38}},"11":{"start":{"line":77,"column":32},"end":{"line":77,"column":70}}},"fnMap":{"0":{"name":"Login","decl":{"start":{"line":9,"column":9},"end":{"line":9,"column":14}},"loc":{"start":{"line":9,"column":17},"end":{"line":88,"column":1}},"line":9},"1":{"name":"(anonymous_1)","decl":{"start":{"line":12,"column":16},"end":{"line":12,"column":17}},"loc":{"start":{"line":12,"column":22},"end":{"line":23,"column":3}},"line":12},"2":{"name":"(anonymous_2)","decl":{"start":{"line":30,"column":19},"end":{"line":30,"column":20}},"loc":{"start":{"line":30,"column":26},"end":{"line":30,"column":56}},"line":30},"3":{"name":"(anonymous_3)","decl":{"start":{"line":44,"column":26},"end":{"line":44,"column":27}},"loc":{"start":{"line":44,"column":33},"end":{"line":44,"column":57}},"line":44},"4":{"name":"(anonymous_4)","decl":{"start":{"line":56,"column":26},"end":{"line":56,"column":27}},"loc":{"start":{"line":56,"column":33},"end":{"line":56,"column":60}},"line":56},"5":{"name":"(anonymous_5)","decl":{"start":{"line":67,"column":25},"end":{"line":67,"column":26}},"loc":{"start":{"line":67,"column":31},"end":{"line":67,"column":38}},"line":67},"6":{"name":"(anonymous_6)","decl":{"start":{"line":77,"column":25},"end":{"line":77,"column":26}},"loc":{"start":{"line":77,"column":32},"end":{"line":77,"column":70}},"line":77}},"branchMap":{},"s":{"0":7,"1":7,"2":7,"3":0,"4":0,"5":0,"6":7,"7":1,"8":1,"9":1,"10":0,"11":1},"f":{"0":7,"1":0,"2":1,"3":1,"4":1,"5":0,"6":1},"b":{},"_coverageSchema":"1a1c01bbd47fc00a2c39e90264f33305004495a9","hash":"351cbe91ff6429ff83bd38e0e9856961a131e096"}
,"D:\\frontend-user\\src\\pages\\Register.jsx": {"path":"D:\\frontend-user\\src\\pages\\Register.jsx","statementMap":{"0":{"start":{"line":21,"column":26},"end":{"line":21,"column":38}},"1":{"start":{"line":22,"column":28},"end":{"line":22,"column":40}},"2":{"start":{"line":23,"column":34},"end":{"line":23,"column":46}},"3":{"start":{"line":24,"column":36},"end":{"line":24,"column":48}},"4":{"start":{"line":25,"column":32},"end":{"line":25,"column":44}},"5":{"start":{"line":26,"column":24},"end":{"line":26,"column":36}},"6":{"start":{"line":27,"column":36},"end":{"line":27,"column":51}},"7":{"start":{"line":29,"column":19},"end":{"line":51,"column":3}},"8":{"start":{"line":30,"column":23},"end":{"line":30,"column":37}},"9":{"start":{"line":31,"column":4},"end":{"line":31,"column":33}},"10":{"start":{"line":32,"column":4},"end":{"line":32,"column":35}},"11":{"start":{"line":33,"column":4},"end":{"line":33,"column":31}},"12":{"start":{"line":34,"column":4},"end":{"line":34,"column":39}},"13":{"start":{"line":35,"column":4},"end":{"line":35,"column":41}},"14":{"start":{"line":36,"column":4},"end":{"line":50,"column":5}},"15":{"start":{"line":37,"column":6},"end":{"line":37,"column":44}},"16":{"start":{"line":38,"column":6},"end":{"line":38,"column":25}},"17":{"start":{"line":52,"column":2},"end":{"line":234,"column":4}},"18":{"start":{"line":70,"column":28},"end":{"line":70,"column":58}},"19":{"start":{"line":85,"column":33},"end":{"line":85,"column":56}},"20":{"start":{"line":96,"column":33},"end":{"line":96,"column":57}},"21":{"start":{"line":112,"column":33},"end":{"line":112,"column":59}},"22":{"start":{"line":123,"column":33},"end":{"line":123,"column":55}},"23":{"start":{"line":192,"column":33},"end":{"line":192,"column":60}},"24":{"start":{"line":203,"column":33},"end":{"line":203,"column":61}},"25":{"start":{"line":215,"column":29},"end":{"line":215,"column":39}},"26":{"start":{"line":225,"column":30},"end":{"line":225,"column":65}}},"fnMap":{"0":{"name":"Register","decl":{"start":{"line":20,"column":9},"end":{"line":20,"column":17}},"loc":{"start":{"line":20,"column":20},"end":{"line":235,"column":1}},"line":20},"1":{"name":"(anonymous_1)","decl":{"start":{"line":29,"column":19},"end":{"line":29,"column":20}},"loc":{"start":{"line":29,"column":25},"end":{"line":51,"column":3}},"line":29},"2":{"name":"(anonymous_2)","decl":{"start":{"line":70,"column":21},"end":{"line":70,"column":22}},"loc":{"start":{"line":70,"column":28},"end":{"line":70,"column":58}},"line":70},"3":{"name":"(anonymous_3)","decl":{"start":{"line":85,"column":26},"end":{"line":85,"column":27}},"loc":{"start":{"line":85,"column":33},"end":{"line":85,"column":56}},"line":85},"4":{"name":"(anonymous_4)","decl":{"start":{"line":96,"column":26},"end":{"line":96,"column":27}},"loc":{"start":{"line":96,"column":33},"end":{"line":96,"column":57}},"line":96},"5":{"name":"(anonymous_5)","decl":{"start":{"line":112,"column":26},"end":{"line":112,"column":27}},"loc":{"start":{"line":112,"column":33},"end":{"line":112,"column":59}},"line":112},"6":{"name":"(anonymous_6)","decl":{"start":{"line":123,"column":26},"end":{"line":123,"column":27}},"loc":{"start":{"line":123,"column":33},"end":{"line":123,"column":55}},"line":123},"7":{"name":"(anonymous_7)","decl":{"start":{"line":192,"column":26},"end":{"line":192,"column":27}},"loc":{"start":{"line":192,"column":33},"end":{"line":192,"column":60}},"line":192},"8":{"name":"(anonymous_8)","decl":{"start":{"line":203,"column":26},"end":{"line":203,"column":27}},"loc":{"start":{"line":203,"column":33},"end":{"line":203,"column":61}},"line":203},"9":{"name":"(anonymous_9)","decl":{"start":{"line":215,"column":23},"end":{"line":215,"column":24}},"loc":{"start":{"line":215,"column":29},"end":{"line":215,"column":39}},"line":215},"10":{"name":"(anonymous_10)","decl":{"start":{"line":225,"column":23},"end":{"line":225,"column":24}},"loc":{"start":{"line":225,"column":30},"end":{"line":225,"column":65}},"line":225}},"branchMap":{"0":{"loc":{"start":{"line":36,"column":4},"end":{"line":50,"column":5}},"type":"if","locations":[{"start":{"line":36,"column":4},"end":{"line":50,"column":5}},{"start":{"line":39,"column":11},"end":{"line":50,"column":5}}],"line":36}},"s":{"0":12,"1":12,"2":12,"3":12,"4":12,"5":12,"6":12,"7":12,"8":1,"9":1,"10":1,"11":1,"12":1,"13":1,"14":1,"15":1,"16":1,"17":12,"18":1,"19":1,"20":1,"21":1,"22":1,"23":1,"24":1,"25":1,"26":1},"f":{"0":12,"1":1,"2":1,"3":1,"4":1,"5":1,"6":1,"7":1,"8":1,"9":1,"10":1},"b":{"0":[1,0]},"_coverageSchema":"1a1c01bbd47fc00a2c39e90264f33305004495a9","hash":"8a5488abf8e52b728dd348393de532f52a758795"}
,"D:\\frontend-user\\src\\pages\\Verify.jsx": {"path":"D:\\frontend-user\\src\\pages\\Verify.jsx","statementMap":{"0":{"start":{"line":11,"column":26},"end":{"line":11,"column":38}},"1":{"start":{"line":12,"column":17},"end":{"line":26,"column":3}},"2":{"start":{"line":13,"column":4},"end":{"line":25,"column":5}},"3":{"start":{"line":14,"column":25},"end":{"line":14,"column":39}},"4":{"start":{"line":15,"column":6},"end":{"line":15,"column":35}},"5":{"start":{"line":24,"column":6},"end":{"line":24,"column":41}},"6":{"start":{"line":28,"column":2},"end":{"line":82,"column":4}},"7":{"start":{"line":45,"column":26},"end":{"line":45,"column":56}},"8":{"start":{"line":62,"column":33},"end":{"line":62,"column":56}},"9":{"start":{"line":71,"column":31},"end":{"line":71,"column":39}}},"fnMap":{"0":{"name":"Verify","decl":{"start":{"line":10,"column":9},"end":{"line":10,"column":15}},"loc":{"start":{"line":10,"column":18},"end":{"line":83,"column":1}},"line":10},"1":{"name":"(anonymous_1)","decl":{"start":{"line":12,"column":17},"end":{"line":12,"column":18}},"loc":{"start":{"line":12,"column":23},"end":{"line":26,"column":3}},"line":12},"2":{"name":"(anonymous_2)","decl":{"start":{"line":45,"column":19},"end":{"line":45,"column":20}},"loc":{"start":{"line":45,"column":26},"end":{"line":45,"column":56}},"line":45},"3":{"name":"(anonymous_3)","decl":{"start":{"line":62,"column":26},"end":{"line":62,"column":27}},"loc":{"start":{"line":62,"column":33},"end":{"line":62,"column":56}},"line":62},"4":{"name":"(anonymous_4)","decl":{"start":{"line":71,"column":25},"end":{"line":71,"column":26}},"loc":{"start":{"line":71,"column":31},"end":{"line":71,"column":39}},"line":71}},"branchMap":{"0":{"loc":{"start":{"line":13,"column":4},"end":{"line":25,"column":5}},"type":"if","locations":[{"start":{"line":13,"column":4},"end":{"line":25,"column":5}},{"start":{"line":23,"column":11},"end":{"line":25,"column":5}}],"line":13}},"s":{"0":4,"1":4,"2":2,"3":1,"4":1,"5":1,"6":4,"7":1,"8":1,"9":2},"f":{"0":4,"1":2,"2":1,"3":1,"4":2},"b":{"0":[1,1]},"_coverageSchema":"1a1c01bbd47fc00a2c39e90264f33305004495a9","hash":"8f3a60bd676f4d59b2da1623cc564fa95c12f170"}
}
