TN:
SF:src\pages\Home.jsx
FN:5,(anonymous_0)
FN:18,(anonymous_1)
FN:26,(anonymous_2)
FN:38,(anonymous_3)
FN:60,(anonymous_4)
FNF:5
FNH:3
FNDA:4,(anonymous_0)
FNDA:0,(anonymous_1)
FNDA:0,(anonymous_2)
FNDA:4,(anonymous_3)
FNDA:4,(anonymous_4)
DA:5,1
DA:6,4
DA:12,4
DA:19,0
DA:27,0
DA:33,4
DA:39,4
DA:61,4
LF:8
LH:6
BRDA:27,0,0,0
BRDA:27,0,1,0
BRDA:80,1,0,4
BRDA:80,1,1,0
BRDA:88,2,0,0
BRDA:88,2,1,4
BRF:6
BRH:2
end_of_record
TN:
SF:src\pages\Login.jsx
FN:9,Login
FN:12,(anonymous_1)
FN:30,(anonymous_2)
FN:44,(anonymous_3)
FN:56,(anonymous_4)
FN:67,(anonymous_5)
FN:77,(anonymous_6)
FNF:7
FNH:5
FNDA:7,Login
FNDA:0,(anonymous_1)
FNDA:1,(anonymous_2)
FNDA:1,(anonymous_3)
FNDA:1,(anonymous_4)
FNDA:0,(anonymous_5)
FNDA:1,(anonymous_6)
DA:10,7
DA:11,7
DA:12,7
DA:13,0
DA:14,0
DA:15,0
DA:25,7
DA:30,1
DA:44,1
DA:56,1
DA:67,0
DA:77,1
LF:12
LH:8
BRF:0
BRH:0
end_of_record
TN:
SF:src\pages\Register.jsx
FN:20,Register
FN:29,(anonymous_1)
FN:70,(anonymous_2)
FN:85,(anonymous_3)
FN:96,(anonymous_4)
FN:112,(anonymous_5)
FN:123,(anonymous_6)
FN:192,(anonymous_7)
FN:203,(anonymous_8)
FN:215,(anonymous_9)
FN:225,(anonymous_10)
FNF:11
FNH:11
FNDA:12,Register
FNDA:1,(anonymous_1)
FNDA:1,(anonymous_2)
FNDA:1,(anonymous_3)
FNDA:1,(anonymous_4)
FNDA:1,(anonymous_5)
FNDA:1,(anonymous_6)
FNDA:1,(anonymous_7)
FNDA:1,(anonymous_8)
FNDA:1,(anonymous_9)
FNDA:1,(anonymous_10)
DA:21,12
DA:22,12
DA:23,12
DA:24,12
DA:25,12
DA:26,12
DA:27,12
DA:29,12
DA:30,1
DA:31,1
DA:32,1
DA:33,1
DA:34,1
DA:35,1
DA:36,1
DA:37,1
DA:38,1
DA:52,12
DA:70,1
DA:85,1
DA:96,1
DA:112,1
DA:123,1
DA:192,1
DA:203,1
DA:215,1
DA:225,1
LF:27
LH:27
BRDA:36,0,0,1
BRDA:36,0,1,0
BRF:2
BRH:1
end_of_record
TN:
SF:src\pages\Verify.jsx
FN:10,Verify
FN:12,(anonymous_1)
FN:45,(anonymous_2)
FN:62,(anonymous_3)
FN:71,(anonymous_4)
FNF:5
FNH:5
FNDA:4,Verify
FNDA:2,(anonymous_1)
FNDA:1,(anonymous_2)
FNDA:1,(anonymous_3)
FNDA:2,(anonymous_4)
DA:11,4
DA:12,4
DA:13,2
DA:14,1
DA:15,1
DA:24,1
DA:28,4
DA:45,1
DA:62,1
DA:71,2
LF:10
LH:10
BRDA:13,0,0,1
BRDA:13,0,1,1
BRF:2
BRH:2
end_of_record
