TN:
SF:src\pages\Home.jsx
FN:6,(anonymous_0)
FN:15,(anonymous_1)
FN:23,(anonymous_2)
FN:47,(anonymous_3)
FNF:4
FNH:4
FNDA:4,(anonymous_0)
FNDA:4,(anonymous_1)
FNDA:4,(anonymous_2)
FNDA:4,(anonymous_3)
DA:6,1
DA:7,4
DA:8,4
DA:9,4
DA:15,4
DA:16,4
DA:18,4
DA:24,4
DA:48,4
LF:9
LH:9
BRDA:69,0,0,4
BRDA:69,0,1,0
BRDA:77,1,0,0
BRDA:77,1,1,4
BRF:4
BRH:2
end_of_record
TN:
SF:src\pages\Login.jsx
FN:10,Login
FN:15,(anonymous_1)
FN:21,(anonymous_2)
FN:30,(anonymous_3)
FN:42,(anonymous_4)
FN:51,(anonymous_5)
FN:55,(anonymous_6)
FN:65,(anonymous_7)
FN:79,(anonymous_8)
FN:91,(anonymous_9)
FN:102,(anonymous_10)
FN:112,(anonymous_11)
FN:132,oo_cm
FN:132,oo_oo
FN:132,oo_tr
FN:132,oo_ts
FN:132,oo_te
FNF:17
FNH:5
FNDA:7,Login
FNDA:0,(anonymous_1)
FNDA:0,(anonymous_2)
FNDA:0,(anonymous_3)
FNDA:0,(anonymous_4)
FNDA:0,(anonymous_5)
FNDA:0,(anonymous_6)
FNDA:1,(anonymous_7)
FNDA:1,(anonymous_8)
FNDA:1,(anonymous_9)
FNDA:0,(anonymous_10)
FNDA:1,(anonymous_11)
FNDA:0,oo_cm
FNDA:0,oo_oo
FNDA:0,oo_tr
FNDA:0,oo_ts
FNDA:0,oo_te
DA:11,7
DA:12,7
DA:13,7
DA:14,7
DA:15,7
DA:16,0
DA:17,0
DA:18,0
DA:19,0
DA:22,0
DA:23,0
DA:24,0
DA:31,0
DA:32,0
DA:41,0
DA:42,0
DA:43,0
DA:44,0
DA:47,0
DA:48,0
DA:49,0
DA:52,0
DA:55,0
DA:58,7
DA:60,7
DA:65,1
DA:79,1
DA:91,1
DA:102,0
DA:112,1
DA:132,0
LF:31
LH:11
BRDA:43,0,0,0
BRDA:43,0,1,0
BRDA:58,1,0,0
BRDA:58,1,1,7
BRDA:132,2,0,0
BRDA:132,2,1,0
BRF:6
BRH:1
end_of_record
TN:
SF:src\pages\Register.jsx
FN:12,Register
FN:24,(anonymous_1)
FN:42,(anonymous_2)
FN:45,(anonymous_3)
FN:54,(anonymous_4)
FN:66,(anonymous_5)
FN:75,(anonymous_6)
FN:79,(anonymous_7)
FN:81,(anonymous_8)
FN:105,(anonymous_9)
FN:120,(anonymous_10)
FN:131,(anonymous_11)
FN:142,(anonymous_12)
FN:158,(anonymous_13)
FN:169,(anonymous_14)
FN:193,(anonymous_15)
FN:204,(anonymous_16)
FN:216,(anonymous_17)
FN:226,(anonymous_18)
FN:245,oo_cm
FN:245,oo_oo
FN:245,oo_tr
FN:245,oo_ts
FN:245,oo_te
FNF:24
FNH:11
FNDA:12,Register
FNDA:1,(anonymous_1)
FNDA:0,(anonymous_2)
FNDA:0,(anonymous_3)
FNDA:0,(anonymous_4)
FNDA:0,(anonymous_5)
FNDA:0,(anonymous_6)
FNDA:0,(anonymous_7)
FNDA:0,(anonymous_8)
FNDA:1,(anonymous_9)
FNDA:1,(anonymous_10)
FNDA:0,(anonymous_11)
FNDA:1,(anonymous_12)
FNDA:1,(anonymous_13)
FNDA:1,(anonymous_14)
FNDA:1,(anonymous_15)
FNDA:1,(anonymous_16)
FNDA:1,(anonymous_17)
FNDA:1,(anonymous_18)
FNDA:0,oo_cm
FNDA:0,oo_oo
FNDA:0,oo_tr
FNDA:0,oo_ts
FNDA:0,oo_te
DA:13,12
DA:14,12
DA:15,12
DA:16,12
DA:17,12
DA:18,12
DA:19,12
DA:20,12
DA:21,12
DA:22,12
DA:24,12
DA:25,1
DA:26,1
DA:27,1
DA:28,1
DA:29,1
DA:30,1
DA:32,0
DA:43,0
DA:46,0
DA:47,0
DA:48,0
DA:55,0
DA:56,0
DA:65,0
DA:66,0
DA:67,0
DA:68,0
DA:71,0
DA:72,0
DA:73,0
DA:76,0
DA:79,0
DA:81,0
DA:85,12
DA:87,12
DA:105,1
DA:120,1
DA:131,0
DA:142,1
DA:158,1
DA:169,1
DA:193,1
DA:204,1
DA:216,1
DA:226,1
DA:245,0
LF:47
LH:28
BRDA:28,0,0,1
BRDA:28,0,1,0
BRDA:67,1,0,0
BRDA:67,1,1,0
BRDA:85,2,0,0
BRDA:85,2,1,12
BRDA:245,3,0,0
BRDA:245,3,1,0
BRF:8
BRH:2
end_of_record
TN:
SF:src\pages\Verify.jsx
FN:10,Verify
FN:12,(anonymous_1)
FN:45,(anonymous_2)
FN:62,(anonymous_3)
FN:71,(anonymous_4)
FNF:5
FNH:5
FNDA:4,Verify
FNDA:2,(anonymous_1)
FNDA:1,(anonymous_2)
FNDA:1,(anonymous_3)
FNDA:2,(anonymous_4)
DA:11,4
DA:12,4
DA:13,2
DA:14,1
DA:15,1
DA:24,1
DA:28,4
DA:45,1
DA:62,1
DA:71,2
LF:10
LH:10
BRDA:13,0,0,1
BRDA:13,0,1,1
BRF:2
BRH:2
end_of_record
